CMake Warning (deprecated) at CMakeLists.txt:1 (cmake_minimum_required):
  Compatibility with CMake < 3.10 will be removed from a future version of
  CMake.

  Update the VERSION argument <min> value.  Or, use the <min>...<max> syntax
  to tell CMake that the project requires at least <min> but has been updated
  to work with policies introduced by <max> or earlier.
This warning is for project developers.  Use -Wno-author or -Wno-deprecated
to suppress it.

-- The C compiler identification is GNU 11.4.0
-- The CXX compiler identification is GNU 11.4.0
-- Detecting C compiler ABI info
-- Detecting C compiler ABI info - done
-- Check for working C compiler: /usr/bin/cc - skipped
-- Detecting C compile features
-- Detecting C compile features - done
-- Detecting CXX compiler ABI info
-- Detecting CXX compiler ABI info - done
-- Check for working CXX compiler: /usr/bin/c++ - skipped
-- Detecting CXX compile features
-- Detecting CXX compile features - done
-- Found ament_cmake: 1.3.14 (/opt/ros/humble/share/ament_cmake/cmake)
-- Found Python3: /home/ros/miniconda3/envs/ros/bin/python3 (found version "3.10.20") found components: Interpreter
-- Override CMake install command with custom implementation using symlinks instead of copying resources
-- Found rclcpp: 16.0.19 (/opt/ros/humble/share/rclcpp/cmake)
-- Found rosidl_generator_c: 3.1.8 (/opt/ros/humble/share/rosidl_generator_c/cmake)
-- Found rosidl_adapter: 3.1.8 (/opt/ros/humble/share/rosidl_adapter/cmake)
-- Found rosidl_generator_cpp: 3.1.8 (/opt/ros/humble/share/rosidl_generator_cpp/cmake)
-- Using all available rosidl_typesupport_c: rosidl_typesupport_fastrtps_c;rosidl_typesupport_introspection_c
-- Using all available rosidl_typesupport_cpp: rosidl_typesupport_fastrtps_cpp;rosidl_typesupport_introspection_cpp
-- Found rmw_implementation_cmake: 6.1.2 (/opt/ros/humble/share/rmw_implementation_cmake/cmake)
-- Found rmw_cyclonedds_cpp: 1.3.4 (/opt/ros/humble/share/rmw_cyclonedds_cpp/cmake)
-- Using RMW implementation 'rmw_cyclonedds_cpp' as default
-- Performing Test CMAKE_HAVE_LIBC_PTHREAD
-- Performing Test CMAKE_HAVE_LIBC_PTHREAD - Success
-- Found Threads: TRUE
-- Found sensor_msgs: 4.9.1 (/opt/ros/humble/share/sensor_msgs/cmake)
-- Found cv_bridge: 3.2.1 (/opt/ros/humble/share/cv_bridge/cmake)
-- Found message_filters: 4.3.16 (/opt/ros/humble/share/message_filters/cmake)
-- Found OpenCV: /usr (found version "4.5.4")
CMake Warning (policy) at /home/ros/app/cmake-4.4.0/share/cmake-4.4/Modules/FindOpenGL.cmake:533 (cmake_policy):
  Policy CMP0072 is not set: FindOpenGL prefers GLVND by default when
  available.  Run "cmake --help-policy CMP0072" for policy details.  Use the
  cmake_policy command to set the policy and suppress this warning.

  FindOpenGL found both a legacy GL library:

    OPENGL_gl_LIBRARY: /usr/lib/x86_64-linux-gnu/libGL.so

  and GLVND libraries for OpenGL and GLX:

    OPENGL_opengl_LIBRARY: /usr/lib/x86_64-linux-gnu/libOpenGL.so
    OPENGL_glx_LIBRARY: /usr/lib/x86_64-linux-gnu/libGLX.so

  OpenGL_GL_PREFERENCE has not been set to "GLVND" or "LEGACY", so for
  compatibility with CMake 3.10 and below the legacy GL library will be used.
Call Stack (most recent call first):
  /home/ros/app/cmake-4.4.0/share/cmake-4.4/Modules/CMakeFindDependencyMacro.cmake:93 (find_package)
  /home/ros/app/cmake-4.4.0/share/cmake-4.4/Modules/CMakeFindDependencyMacro.cmake:125 (__find_dependency_common)
  /opt/ros/humble/lib/cmake/g2o/g2oConfig.cmake:4 (find_dependency)
  CMakeLists.txt:21 (find_package)
This warning is for project developers.  Use -Wno-author or -Wno-policy to
suppress it.

-- Found OpenGL: /usr/lib/x86_64-linux-gnu/libGL.so
-- Configuring done (2.5s)
-- Generating done (0.1s)
-- Build files have been written to: /home/ros/lib/SLAM/VIO/Structure-PLP-SLAM/ros2/build/plpslam_ros2
[ 11%] Building CXX object CMakeFiles/rgbd.dir/src/rgbd/rgbd.cpp.o
[ 33%] Building CXX object CMakeFiles/rgbd.dir/src/rgbd/rgbd-slam-node.cpp.o
[ 33%] Building CXX object CMakeFiles/mono.dir/src/mono/mono.cpp.o
[ 44%] Building CXX object CMakeFiles/stereo.dir/src/stereo/stereo.cpp.o
[ 55%] Building CXX object CMakeFiles/mono.dir/src/mono/mono-slam-node.cpp.o
[ 66%] Building CXX object CMakeFiles/stereo.dir/src/stereo/stereo-slam-node.cpp.o
In file included from /home/ros/lib/SLAM/VIO/Structure-PLP-SLAM/src/PLPSLAM/system.h:28,
                 from /home/ros/lib/SLAM/VIO/Structure-PLP-SLAM/ros2/src/stereo/stereo-slam-node.hpp:11,
                 from /home/ros/lib/SLAM/VIO/Structure-PLP-SLAM/ros2/src/stereo/stereo-slam-node.cpp:1:
/home/ros/lib/SLAM/VIO/Structure-PLP-SLAM/src/PLPSLAM/data/bow_vocabulary.h:31:10: fatal error: fbow/fbow.h: 没有那个文件或目录
   31 | #include <fbow/fbow.h>
      |          ^~~~~~~~~~~~~
compilation terminated.
In file included from /home/ros/lib/SLAM/VIO/Structure-PLP-SLAM/src/PLPSLAM/system.h:28,
                 from /home/ros/lib/SLAM/VIO/Structure-PLP-SLAM/ros2/src/stereo/stereo-slam-node.hpp:11,
                 from /home/ros/lib/SLAM/VIO/Structure-PLP-SLAM/ros2/src/stereo/stereo.cpp:3:
/home/ros/lib/SLAM/VIO/Structure-PLP-SLAM/src/PLPSLAM/data/bow_vocabulary.h:31:10: fatal error: fbow/fbow.h: 没有那个文件或目录
   31 | #include <fbow/fbow.h>
      |          ^~~~~~~~~~~~~
compilation terminated.
gmake[2]: *** [CMakeFiles/stereo.dir/build.make:93：CMakeFiles/stereo.dir/src/stereo/stereo-slam-node.cpp.o] 错误 1
gmake[2]: *** 正在等待未完成的任务....
In file included from /home/ros/lib/SLAM/VIO/Structure-PLP-SLAM/src/PLPSLAM/system.h:28,
                 from /home/ros/lib/SLAM/VIO/Structure-PLP-SLAM/ros2/src/rgbd/rgbd-slam-node.hpp:11,
                 from /home/ros/lib/SLAM/VIO/Structure-PLP-SLAM/ros2/src/rgbd/rgbd-slam-node.cpp:1:
/home/ros/lib/SLAM/VIO/Structure-PLP-SLAM/src/PLPSLAM/data/bow_vocabulary.h:31:10: fatal error: fbow/fbow.h: 没有那个文件或目录
   31 | #include <fbow/fbow.h>
      |          ^~~~~~~~~~~~~
compilation terminated.
gmake[2]: *** [CMakeFiles/stereo.dir/build.make:79：CMakeFiles/stereo.dir/src/stereo/stereo.cpp.o] 错误 1
gmake[1]: *** [CMakeFiles/Makefile2:223：CMakeFiles/stereo.dir/all] 错误 2
gmake[1]: *** 正在等待未完成的任务....
In file included from /home/ros/lib/SLAM/VIO/Structure-PLP-SLAM/src/PLPSLAM/system.h:28,
                 from /home/ros/lib/SLAM/VIO/Structure-PLP-SLAM/ros2/src/mono/mono-slam-node.hpp:8,
                 from /home/ros/lib/SLAM/VIO/Structure-PLP-SLAM/ros2/src/mono/mono.cpp:3:
/home/ros/lib/SLAM/VIO/Structure-PLP-SLAM/src/PLPSLAM/data/bow_vocabulary.h:31:10: fatal error: fbow/fbow.h: 没有那个文件或目录
   31 | #include <fbow/fbow.h>
      |          ^~~~~~~~~~~~~
compilation terminated.
gmake[2]: *** [CMakeFiles/rgbd.dir/build.make:93：CMakeFiles/rgbd.dir/src/rgbd/rgbd-slam-node.cpp.o] 错误 1
gmake[2]: *** 正在等待未完成的任务....
In file included from /home/ros/lib/SLAM/VIO/Structure-PLP-SLAM/src/PLPSLAM/system.h:28,
                 from /home/ros/lib/SLAM/VIO/Structure-PLP-SLAM/ros2/src/rgbd/rgbd-slam-node.hpp:11,
                 from /home/ros/lib/SLAM/VIO/Structure-PLP-SLAM/ros2/src/rgbd/rgbd.cpp:3:
/home/ros/lib/SLAM/VIO/Structure-PLP-SLAM/src/PLPSLAM/data/bow_vocabulary.h:31:10: fatal error: fbow/fbow.h: 没有那个文件或目录
   31 | #include <fbow/fbow.h>
      |          ^~~~~~~~~~~~~
compilation terminated.
gmake[2]: *** [CMakeFiles/mono.dir/build.make:79：CMakeFiles/mono.dir/src/mono/mono.cpp.o] 错误 1
gmake[2]: *** 正在等待未完成的任务....
gmake[2]: *** [CMakeFiles/rgbd.dir/build.make:79：CMakeFiles/rgbd.dir/src/rgbd/rgbd.cpp.o] 错误 1
gmake[1]: *** [CMakeFiles/Makefile2:191：CMakeFiles/rgbd.dir/all] 错误 2
In file included from /home/ros/lib/SLAM/VIO/Structure-PLP-SLAM/src/PLPSLAM/system.h:28,
                 from /home/ros/lib/SLAM/VIO/Structure-PLP-SLAM/ros2/src/mono/mono-slam-node.hpp:8,
                 from /home/ros/lib/SLAM/VIO/Structure-PLP-SLAM/ros2/src/mono/mono-slam-node.cpp:1:
/home/ros/lib/SLAM/VIO/Structure-PLP-SLAM/src/PLPSLAM/data/bow_vocabulary.h:31:10: fatal error: fbow/fbow.h: 没有那个文件或目录
   31 | #include <fbow/fbow.h>
      |          ^~~~~~~~~~~~~
compilation terminated.
gmake[2]: *** [CMakeFiles/mono.dir/build.make:93：CMakeFiles/mono.dir/src/mono/mono-slam-node.cpp.o] 错误 1
gmake[1]: *** [CMakeFiles/Makefile2:159：CMakeFiles/mono.dir/all] 错误 2
gmake: *** [Makefile:146：all] 错误 2
