[0.018s] Invoking command in '/home/ros/lib/SLAM/VIO/Structure-PLP-SLAM/ros2/build/plpslam_ros2': CMAKE_PREFIX_PATH=${CMAKE_PREFIX_PATH}:/opt/ros/humble CONDA_PROMPT_MODIFIER=(ros) /home/ros/app/cmake-4.4.0/bin/cmake /home/ros/lib/SLAM/VIO/Structure-PLP-SLAM/ros2 -DDBoW2_DIR=/home/ros/.local/lib/cmake/DBoW2 -DPangolin_DIR=/home/ros/lib/SLAM/VIO/Structure-PLP-SLAM/3rd/Pangolin/install/lib/cmake/Pangolin -DCMAKE_BUILD_TYPE=Release -DAMENT_CMAKE_SYMLINK_INSTALL=1 -DCMAKE_INSTALL_PREFIX=/home/ros/lib/SLAM/VIO/Structure-PLP-SLAM/ros2/install/plpslam_ros2
[0.029s] CMake Warning (deprecated) at CMakeLists.txt:1 (cmake_minimum_required):
[0.029s]   Compatibility with CMake < 3.10 will be removed from a future version of
[0.029s]   CMake.
[0.029s] 
[0.030s]   Update the VERSION argument <min> value.  Or, use the <min>...<max> syntax
[0.030s]   to tell CMake that the project requires at least <min> but has been updated
[0.030s]   to work with policies introduced by <max> or earlier.
[0.030s] This warning is for project developers.  Use -Wno-author or -Wno-deprecated
[0.030s] to suppress it.
[0.030s] 
[0.114s] -- The C compiler identification is GNU 11.4.0
[0.230s] -- The CXX compiler identification is GNU 11.4.0
[0.244s] -- Detecting C compiler ABI info
[0.345s] -- Detecting C compiler ABI info - done
[0.375s] -- Check for working C compiler: /usr/bin/cc - skipped
[0.376s] -- Detecting C compile features
[0.377s] -- Detecting C compile features - done
[0.401s] -- Detecting CXX compiler ABI info
[0.515s] -- Detecting CXX compiler ABI info - done
[0.556s] -- Check for working CXX compiler: /usr/bin/c++ - skipped
[0.556s] -- Detecting CXX compile features
[0.557s] -- Detecting CXX compile features - done
[0.574s] -- Found ament_cmake: 1.3.14 (/opt/ros/humble/share/ament_cmake/cmake)
[0.919s] -- Found Python3: /home/ros/miniconda3/envs/ros/bin/python3 (found version "3.10.20") found components: Interpreter
[1.056s] -- Override CMake install command with custom implementation using symlinks instead of copying resources
[1.167s] -- Found rclcpp: 16.0.19 (/opt/ros/humble/share/rclcpp/cmake)
[1.311s] -- Found rosidl_generator_c: 3.1.8 (/opt/ros/humble/share/rosidl_generator_c/cmake)
[1.325s] -- Found rosidl_adapter: 3.1.8 (/opt/ros/humble/share/rosidl_adapter/cmake)
[1.356s] -- Found rosidl_generator_cpp: 3.1.8 (/opt/ros/humble/share/rosidl_generator_cpp/cmake)
[1.407s] -- Using all available rosidl_typesupport_c: rosidl_typesupport_fastrtps_c;rosidl_typesupport_introspection_c
[1.460s] -- Using all available rosidl_typesupport_cpp: rosidl_typesupport_fastrtps_cpp;rosidl_typesupport_introspection_cpp
[1.626s] -- Found rmw_implementation_cmake: 6.1.2 (/opt/ros/humble/share/rmw_implementation_cmake/cmake)
[1.635s] -- Found rmw_cyclonedds_cpp: 1.3.4 (/opt/ros/humble/share/rmw_cyclonedds_cpp/cmake)
[1.710s] -- Using RMW implementation 'rmw_cyclonedds_cpp' as default
[1.740s] -- Performing Test CMAKE_HAVE_LIBC_PTHREAD
[1.850s] -- Performing Test CMAKE_HAVE_LIBC_PTHREAD - Success
[1.851s] -- Found Threads: TRUE
[2.019s] -- Found sensor_msgs: 4.9.1 (/opt/ros/humble/share/sensor_msgs/cmake)
[2.118s] -- Found cv_bridge: 3.2.1 (/opt/ros/humble/share/cv_bridge/cmake)
[2.160s] -- Found message_filters: 4.3.16 (/opt/ros/humble/share/message_filters/cmake)
[2.177s] -- Found OpenCV: /usr (found version "4.5.4")
[2.259s] CMake Warning (policy) at /home/ros/app/cmake-4.4.0/share/cmake-4.4/Modules/FindOpenGL.cmake:533 (cmake_policy):
[2.260s]   Policy CMP0072 is not set: FindOpenGL prefers GLVND by default when
[2.260s]   available.  Run "cmake --help-policy CMP0072" for policy details.  Use the
[2.260s]   cmake_policy command to set the policy and suppress this warning.
[2.260s] 
[2.260s]   FindOpenGL found both a legacy GL library:
[2.260s] 
[2.260s]     OPENGL_gl_LIBRARY: /usr/lib/x86_64-linux-gnu/libGL.so
[2.260s] 
[2.260s]   and GLVND libraries for OpenGL and GLX:
[2.261s] 
[2.261s]     OPENGL_opengl_LIBRARY: /usr/lib/x86_64-linux-gnu/libOpenGL.so
[2.261s]     OPENGL_glx_LIBRARY: /usr/lib/x86_64-linux-gnu/libGLX.so
[2.261s] 
[2.261s]   OpenGL_GL_PREFERENCE has not been set to "GLVND" or "LEGACY", so for
[2.261s]   compatibility with CMake 3.10 and below the legacy GL library will be used.
[2.261s] Call Stack (most recent call first):
[2.261s]   /home/ros/app/cmake-4.4.0/share/cmake-4.4/Modules/CMakeFindDependencyMacro.cmake:93 (find_package)
[2.262s]   /home/ros/app/cmake-4.4.0/share/cmake-4.4/Modules/CMakeFindDependencyMacro.cmake:125 (__find_dependency_common)
[2.262s]   /opt/ros/humble/lib/cmake/g2o/g2oConfig.cmake:4 (find_dependency)
[2.262s]   CMakeLists.txt:21 (find_package)
[2.262s] This warning is for project developers.  Use -Wno-author or -Wno-policy to
[2.262s] suppress it.
[2.262s] 
[2.262s] -- Found OpenGL: /usr/lib/x86_64-linux-gnu/libGL.so
[2.493s] -- Configuring done (2.5s)
[2.621s] -- Generating done (0.1s)
[2.734s] -- Build files have been written to: /home/ros/lib/SLAM/VIO/Structure-PLP-SLAM/ros2/build/plpslam_ros2
[2.761s] Invoked command in '/home/ros/lib/SLAM/VIO/Structure-PLP-SLAM/ros2/build/plpslam_ros2' returned '0': CMAKE_PREFIX_PATH=${CMAKE_PREFIX_PATH}:/opt/ros/humble CONDA_PROMPT_MODIFIER=(ros) /home/ros/app/cmake-4.4.0/bin/cmake /home/ros/lib/SLAM/VIO/Structure-PLP-SLAM/ros2 -DDBoW2_DIR=/home/ros/.local/lib/cmake/DBoW2 -DPangolin_DIR=/home/ros/lib/SLAM/VIO/Structure-PLP-SLAM/3rd/Pangolin/install/lib/cmake/Pangolin -DCMAKE_BUILD_TYPE=Release -DAMENT_CMAKE_SYMLINK_INSTALL=1 -DCMAKE_INSTALL_PREFIX=/home/ros/lib/SLAM/VIO/Structure-PLP-SLAM/ros2/install/plpslam_ros2
[2.763s] Invoking command in '/home/ros/lib/SLAM/VIO/Structure-PLP-SLAM/ros2/build/plpslam_ros2': CMAKE_PREFIX_PATH=${CMAKE_PREFIX_PATH}:/opt/ros/humble CONDA_PROMPT_MODIFIER=(ros) /home/ros/app/cmake-4.4.0/bin/cmake --build /home/ros/lib/SLAM/VIO/Structure-PLP-SLAM/ros2/build/plpslam_ros2 -- -j24 -l24
[2.808s] [ 11%] Building CXX object CMakeFiles/rgbd.dir/src/rgbd/rgbd.cpp.o
[2.810s] [ 33%] Building CXX object CMakeFiles/rgbd.dir/src/rgbd/rgbd-slam-node.cpp.o
[2.811s] [ 33%] Building CXX object CMakeFiles/mono.dir/src/mono/mono.cpp.o
[2.811s] [ 44%] Building CXX object CMakeFiles/stereo.dir/src/stereo/stereo.cpp.o
[2.811s] [ 55%] Building CXX object CMakeFiles/mono.dir/src/mono/mono-slam-node.cpp.o
[2.812s] [ 66%] Building CXX object CMakeFiles/stereo.dir/src/stereo/stereo-slam-node.cpp.o
[3.679s] In file included from /home/ros/lib/SLAM/VIO/Structure-PLP-SLAM/src/PLPSLAM/system.h:28,
[3.679s]                  from /home/ros/lib/SLAM/VIO/Structure-PLP-SLAM/ros2/src/stereo/stereo-slam-node.hpp:11,
[3.679s]                  from /home/ros/lib/SLAM/VIO/Structure-PLP-SLAM/ros2/src/stereo/stereo-slam-node.cpp:1:
[3.679s] /home/ros/lib/SLAM/VIO/Structure-PLP-SLAM/src/PLPSLAM/data/bow_vocabulary.h:31:10: fatal error: fbow/fbow.h: 没有那个文件或目录
[3.680s]    31 | #include <fbow/fbow.h>
[3.680s]       |          ^~~~~~~~~~~~~
[3.680s] compilation terminated.
[3.691s] In file included from /home/ros/lib/SLAM/VIO/Structure-PLP-SLAM/src/PLPSLAM/system.h:28,
[3.691s]                  from /home/ros/lib/SLAM/VIO/Structure-PLP-SLAM/ros2/src/stereo/stereo-slam-node.hpp:11,
[3.691s]                  from /home/ros/lib/SLAM/VIO/Structure-PLP-SLAM/ros2/src/stereo/stereo.cpp:3:
[3.691s] /home/ros/lib/SLAM/VIO/Structure-PLP-SLAM/src/PLPSLAM/data/bow_vocabulary.h:31:10: fatal error: fbow/fbow.h: 没有那个文件或目录
[3.691s]    31 | #include <fbow/fbow.h>
[3.691s]       |          ^~~~~~~~~~~~~
[3.692s] compilation terminated.
[3.695s] gmake[2]: *** [CMakeFiles/stereo.dir/build.make:93：CMakeFiles/stereo.dir/src/stereo/stereo-slam-node.cpp.o] 错误 1
[3.695s] gmake[2]: *** 正在等待未完成的任务....
[3.701s] In file included from /home/ros/lib/SLAM/VIO/Structure-PLP-SLAM/src/PLPSLAM/system.h:28,
[3.701s]                  from /home/ros/lib/SLAM/VIO/Structure-PLP-SLAM/ros2/src/rgbd/rgbd-slam-node.hpp:11,
[3.702s]                  from /home/ros/lib/SLAM/VIO/Structure-PLP-SLAM/ros2/src/rgbd/rgbd-slam-node.cpp:1:
[3.702s] /home/ros/lib/SLAM/VIO/Structure-PLP-SLAM/src/PLPSLAM/data/bow_vocabulary.h:31:10: fatal error: fbow/fbow.h: 没有那个文件或目录
[3.702s]    31 | #include <fbow/fbow.h>
[3.702s]       |          ^~~~~~~~~~~~~
[3.702s] compilation terminated.
[3.702s] gmake[2]: *** [CMakeFiles/stereo.dir/build.make:79：CMakeFiles/stereo.dir/src/stereo/stereo.cpp.o] 错误 1
[3.702s] gmake[1]: *** [CMakeFiles/Makefile2:223：CMakeFiles/stereo.dir/all] 错误 2
[3.703s] gmake[1]: *** 正在等待未完成的任务....
[3.711s] In file included from /home/ros/lib/SLAM/VIO/Structure-PLP-SLAM/src/PLPSLAM/system.h:28,
[3.711s]                  from /home/ros/lib/SLAM/VIO/Structure-PLP-SLAM/ros2/src/mono/mono-slam-node.hpp:8,
[3.711s]                  from /home/ros/lib/SLAM/VIO/Structure-PLP-SLAM/ros2/src/mono/mono.cpp:3:
[3.711s] /home/ros/lib/SLAM/VIO/Structure-PLP-SLAM/src/PLPSLAM/data/bow_vocabulary.h:31:10: fatal error: fbow/fbow.h: 没有那个文件或目录
[3.711s]    31 | #include <fbow/fbow.h>
[3.711s]       |          ^~~~~~~~~~~~~
[3.712s] compilation terminated.
[3.713s] gmake[2]: *** [CMakeFiles/rgbd.dir/build.make:93：CMakeFiles/rgbd.dir/src/rgbd/rgbd-slam-node.cpp.o] 错误 1
[3.713s] gmake[2]: *** 正在等待未完成的任务....
[3.714s] In file included from /home/ros/lib/SLAM/VIO/Structure-PLP-SLAM/src/PLPSLAM/system.h:28,
[3.714s]                  from /home/ros/lib/SLAM/VIO/Structure-PLP-SLAM/ros2/src/rgbd/rgbd-slam-node.hpp:11,
[3.714s]                  from /home/ros/lib/SLAM/VIO/Structure-PLP-SLAM/ros2/src/rgbd/rgbd.cpp:3:
[3.714s] /home/ros/lib/SLAM/VIO/Structure-PLP-SLAM/src/PLPSLAM/data/bow_vocabulary.h:31:10: fatal error: fbow/fbow.h: 没有那个文件或目录
[3.714s]    31 | #include <fbow/fbow.h>
[3.714s]       |          ^~~~~~~~~~~~~
[3.714s] compilation terminated.
[3.718s] gmake[2]: *** [CMakeFiles/mono.dir/build.make:79：CMakeFiles/mono.dir/src/mono/mono.cpp.o] 错误 1
[3.718s] gmake[2]: *** 正在等待未完成的任务....
[3.723s] gmake[2]: *** [CMakeFiles/rgbd.dir/build.make:79：CMakeFiles/rgbd.dir/src/rgbd/rgbd.cpp.o] 错误 1
[3.723s] gmake[1]: *** [CMakeFiles/Makefile2:191：CMakeFiles/rgbd.dir/all] 错误 2
[3.735s] In file included from /home/ros/lib/SLAM/VIO/Structure-PLP-SLAM/src/PLPSLAM/system.h:28,
[3.735s]                  from /home/ros/lib/SLAM/VIO/Structure-PLP-SLAM/ros2/src/mono/mono-slam-node.hpp:8,
[3.735s]                  from /home/ros/lib/SLAM/VIO/Structure-PLP-SLAM/ros2/src/mono/mono-slam-node.cpp:1:
[3.735s] /home/ros/lib/SLAM/VIO/Structure-PLP-SLAM/src/PLPSLAM/data/bow_vocabulary.h:31:10: fatal error: fbow/fbow.h: 没有那个文件或目录
[3.735s]    31 | #include <fbow/fbow.h>
[3.735s]       |          ^~~~~~~~~~~~~
[3.736s] compilation terminated.
[3.751s] gmake[2]: *** [CMakeFiles/mono.dir/build.make:93：CMakeFiles/mono.dir/src/mono/mono-slam-node.cpp.o] 错误 1
[3.753s] gmake[1]: *** [CMakeFiles/Makefile2:159：CMakeFiles/mono.dir/all] 错误 2
[3.754s] gmake: *** [Makefile:146：all] 错误 2
[3.757s] Invoked command in '/home/ros/lib/SLAM/VIO/Structure-PLP-SLAM/ros2/build/plpslam_ros2' returned '2': CMAKE_PREFIX_PATH=${CMAKE_PREFIX_PATH}:/opt/ros/humble CONDA_PROMPT_MODIFIER=(ros) /home/ros/app/cmake-4.4.0/bin/cmake --build /home/ros/lib/SLAM/VIO/Structure-PLP-SLAM/ros2/build/plpslam_ros2 -- -j24 -l24
