[0.210s] colcon DEBUG Command line arguments: ['/usr/bin/colcon', 'build', '--symlink-install', '--packages-select', 'plpslam_ros2', '--cmake-args', '-DDBoW2_DIR=/home/ros/.local/lib/cmake/DBoW2', '-DPangolin_DIR=/home/ros/lib/SLAM/VIO/Structure-PLP-SLAM/3rd/Pangolin/install/lib/cmake/Pangolin', '-DCMAKE_BUILD_TYPE=Release']
[0.210s] colcon DEBUG Parsed command line arguments: Namespace(log_base=None, log_level=None, verb_name='build', build_base='build', install_base='install', merge_install=False, symlink_install=True, test_result_base=None, continue_on_error=False, executor='parallel', parallel_workers=24, event_handlers=None, ignore_user_meta=False, metas=['./colcon.meta'], base_paths=['.'], packages_ignore=None, packages_ignore_regex=None, paths=None, packages_up_to=None, packages_up_to_regex=None, packages_above=None, packages_above_and_dependencies=None, packages_above_depth=None, packages_select_by_dep=None, packages_skip_by_dep=None, packages_skip_up_to=None, packages_select_build_failed=False, packages_skip_build_finished=False, packages_select_test_failures=False, packages_skip_test_passed=False, packages_select=['plpslam_ros2'], packages_skip=None, packages_select_regex=None, packages_skip_regex=None, packages_start=None, packages_end=None, allow_overriding=[], cmake_args=['-DDBoW2_DIR=/home/ros/.local/lib/cmake/DBoW2', '-DPangolin_DIR=/home/ros/lib/SLAM/VIO/Structure-PLP-SLAM/3rd/Pangolin/install/lib/cmake/Pangolin', '-DCMAKE_BUILD_TYPE=Release'], cmake_target=None, cmake_target_skip_unavailable=False, cmake_clean_cache=False, cmake_clean_first=False, cmake_force_configure=False, ament_cmake_args=None, catkin_cmake_args=None, catkin_skip_building_tests=False, verb_parser=<colcon_defaults.argument_parser.defaults.DefaultArgumentsDecorator object at 0x7a89061f66b0>, verb_extension=<colcon_core.verb.build.BuildVerb object at 0x7a8906177fd0>, main=<bound method BuildVerb.main of <colcon_core.verb.build.BuildVerb object at 0x7a8906177fd0>>)
[0.504s] colcon.colcon_core.package_discovery Level 1 discover_packages(colcon_meta) check parameters
[0.504s] colcon.colcon_core.package_discovery Level 1 discover_packages(recursive) check parameters
[0.504s] colcon.colcon_core.package_discovery Level 1 discover_packages(ignore) check parameters
[0.504s] colcon.colcon_core.package_discovery Level 1 discover_packages(path) check parameters
[0.504s] colcon.colcon_core.package_discovery Level 1 discover_packages(colcon_meta) discover
[0.504s] colcon.colcon_core.package_discovery Level 1 discover_packages(recursive) discover
[0.504s] colcon.colcon_core.package_discovery INFO Crawling recursively for packages in '/home/ros/lib/SLAM/VIO/Structure-PLP-SLAM/ros2'
[0.505s] colcon.colcon_core.package_identification Level 1 _identify(.) by extensions ['ignore', 'ignore_ament_install']
[0.505s] colcon.colcon_core.package_identification Level 1 _identify(.) by extension 'ignore'
[0.505s] colcon.colcon_core.package_identification Level 1 _identify(.) by extension 'ignore_ament_install'
[0.506s] colcon.colcon_core.package_identification Level 1 _identify(.) by extensions ['colcon_pkg']
[0.506s] colcon.colcon_core.package_identification Level 1 _identify(.) by extension 'colcon_pkg'
[0.506s] colcon.colcon_core.package_identification Level 1 _identify(.) by extensions ['colcon_meta']
[0.506s] colcon.colcon_core.package_identification Level 1 _identify(.) by extension 'colcon_meta'
[0.506s] colcon.colcon_core.package_identification Level 1 _identify(.) by extensions ['ros']
[0.506s] colcon.colcon_core.package_identification Level 1 _identify(.) by extension 'ros'
[0.573s] colcon.colcon_core.package_identification DEBUG Package '.' with type 'ros.ament_cmake' and name 'plpslam_ros2'
[0.573s] colcon.colcon_core.package_discovery Level 1 discover_packages(recursive) using defaults
[0.573s] colcon.colcon_core.package_discovery Level 1 discover_packages(ignore) discover
[0.573s] colcon.colcon_core.package_discovery Level 1 discover_packages(ignore) using defaults
[0.573s] colcon.colcon_core.package_discovery Level 1 discover_packages(path) discover
[0.574s] colcon.colcon_core.package_discovery Level 1 discover_packages(path) using defaults
[0.599s] colcon.colcon_core.package_discovery Level 1 discover_packages(prefix_path) check parameters
[0.599s] colcon.colcon_core.package_discovery Level 1 discover_packages(prefix_path) discover
[0.604s] colcon.colcon_installed_package_information.package_discovery DEBUG Found 3 installed packages in /home/ros/lib/rsviewer/rs_ros_ws/install
[0.604s] colcon.colcon_installed_package_information.package_discovery DEBUG Found 5 installed packages in /home/ros/rosws/livox_ws/install
[0.605s] colcon.colcon_installed_package_information.package_discovery DEBUG Found 8 installed packages in /home/ros/rosws/PL_VINS_ros2_ws/install
[0.607s] colcon.colcon_installed_package_information.package_discovery DEBUG Found 298 installed packages in /opt/ros/humble
[0.609s] colcon.colcon_core.package_discovery Level 1 discover_packages(prefix_path) using defaults
[0.689s] colcon.colcon_core.verb Level 5 set package 'plpslam_ros2' build argument 'cmake_args' from command line to '['-DDBoW2_DIR=/home/ros/.local/lib/cmake/DBoW2', '-DPangolin_DIR=/home/ros/lib/SLAM/VIO/Structure-PLP-SLAM/3rd/Pangolin/install/lib/cmake/Pangolin', '-DCMAKE_BUILD_TYPE=Release']'
[0.689s] colcon.colcon_core.verb Level 5 set package 'plpslam_ros2' build argument 'cmake_target' from command line to 'None'
[0.689s] colcon.colcon_core.verb Level 5 set package 'plpslam_ros2' build argument 'cmake_target_skip_unavailable' from command line to 'False'
[0.689s] colcon.colcon_core.verb Level 5 set package 'plpslam_ros2' build argument 'cmake_clean_cache' from command line to 'False'
[0.689s] colcon.colcon_core.verb Level 5 set package 'plpslam_ros2' build argument 'cmake_clean_first' from command line to 'False'
[0.689s] colcon.colcon_core.verb Level 5 set package 'plpslam_ros2' build argument 'cmake_force_configure' from command line to 'False'
[0.689s] colcon.colcon_core.verb Level 5 set package 'plpslam_ros2' build argument 'ament_cmake_args' from command line to 'None'
[0.689s] colcon.colcon_core.verb Level 5 set package 'plpslam_ros2' build argument 'catkin_cmake_args' from command line to 'None'
[0.689s] colcon.colcon_core.verb Level 5 set package 'plpslam_ros2' build argument 'catkin_skip_building_tests' from command line to 'False'
[0.689s] colcon.colcon_core.verb DEBUG Building package 'plpslam_ros2' with the following arguments: {'ament_cmake_args': None, 'build_base': '/home/ros/lib/SLAM/VIO/Structure-PLP-SLAM/ros2/build/plpslam_ros2', 'catkin_cmake_args': None, 'catkin_skip_building_tests': False, 'cmake_args': ['-DDBoW2_DIR=/home/ros/.local/lib/cmake/DBoW2', '-DPangolin_DIR=/home/ros/lib/SLAM/VIO/Structure-PLP-SLAM/3rd/Pangolin/install/lib/cmake/Pangolin', '-DCMAKE_BUILD_TYPE=Release'], 'cmake_clean_cache': False, 'cmake_clean_first': False, 'cmake_force_configure': False, 'cmake_target': None, 'cmake_target_skip_unavailable': False, 'install_base': '/home/ros/lib/SLAM/VIO/Structure-PLP-SLAM/ros2/install/plpslam_ros2', 'merge_install': False, 'path': '/home/ros/lib/SLAM/VIO/Structure-PLP-SLAM/ros2', 'symlink_install': True, 'test_result_base': None}
[0.689s] colcon.colcon_core.executor INFO Executing jobs using 'parallel' executor
[0.691s] colcon.colcon_parallel_executor.executor.parallel DEBUG run_until_complete
[0.691s] colcon.colcon_ros.task.ament_cmake.build INFO Building ROS package in '/home/ros/lib/SLAM/VIO/Structure-PLP-SLAM/ros2' with build type 'ament_cmake'
[0.691s] colcon.colcon_cmake.task.cmake.build INFO Building CMake package in '/home/ros/lib/SLAM/VIO/Structure-PLP-SLAM/ros2'
[0.695s] colcon.colcon_core.plugin_system INFO Skipping extension 'colcon_core.shell.bat': Not used on non-Windows systems
[0.695s] colcon.colcon_core.shell INFO Skip shell extension 'powershell' for command environment: Not usable outside of PowerShell
[0.695s] colcon.colcon_core.shell DEBUG Skip shell extension 'dsv' for command environment
[0.709s] colcon.colcon_core.event_handler.log_command DEBUG Invoking command in '/home/ros/lib/SLAM/VIO/Structure-PLP-SLAM/ros2/build/plpslam_ros2': CMAKE_PREFIX_PATH=${CMAKE_PREFIX_PATH}:/opt/ros/humble CONDA_PROMPT_MODIFIER=(ros) /home/ros/app/cmake-4.4.0/bin/cmake --build /home/ros/lib/SLAM/VIO/Structure-PLP-SLAM/ros2/build/plpslam_ros2 -- -j24 -l24
[29.998s] colcon.colcon_core.event_handler.log_command DEBUG Invoked command in '/home/ros/lib/SLAM/VIO/Structure-PLP-SLAM/ros2/build/plpslam_ros2' returned '0': CMAKE_PREFIX_PATH=${CMAKE_PREFIX_PATH}:/opt/ros/humble CONDA_PROMPT_MODIFIER=(ros) /home/ros/app/cmake-4.4.0/bin/cmake --build /home/ros/lib/SLAM/VIO/Structure-PLP-SLAM/ros2/build/plpslam_ros2 -- -j24 -l24
[30.005s] colcon.colcon_core.event_handler.log_command DEBUG Invoking command in '/home/ros/lib/SLAM/VIO/Structure-PLP-SLAM/ros2/build/plpslam_ros2': CMAKE_PREFIX_PATH=${CMAKE_PREFIX_PATH}:/opt/ros/humble CONDA_PROMPT_MODIFIER=(ros) /home/ros/app/cmake-4.4.0/bin/cmake --install /home/ros/lib/SLAM/VIO/Structure-PLP-SLAM/ros2/build/plpslam_ros2
[30.104s] colcon.colcon_core.environment Level 1 create_environment_scripts_only(plpslam_ros2)
[30.105s] colcon.colcon_core.event_handler.log_command DEBUG Invoked command in '/home/ros/lib/SLAM/VIO/Structure-PLP-SLAM/ros2/build/plpslam_ros2' returned '0': CMAKE_PREFIX_PATH=${CMAKE_PREFIX_PATH}:/opt/ros/humble CONDA_PROMPT_MODIFIER=(ros) /home/ros/app/cmake-4.4.0/bin/cmake --install /home/ros/lib/SLAM/VIO/Structure-PLP-SLAM/ros2/build/plpslam_ros2
[30.109s] colcon.colcon_core.environment Level 1 checking '/home/ros/lib/SLAM/VIO/Structure-PLP-SLAM/ros2/install/plpslam_ros2' for CMake module files
[30.110s] colcon.colcon_core.environment Level 1 checking '/home/ros/lib/SLAM/VIO/Structure-PLP-SLAM/ros2/install/plpslam_ros2' for CMake config files
[30.110s] colcon.colcon_core.shell Level 1 create_environment_hook('plpslam_ros2', 'cmake_prefix_path')
[30.110s] colcon.colcon_core.shell INFO Creating environment hook '/home/ros/lib/SLAM/VIO/Structure-PLP-SLAM/ros2/install/plpslam_ros2/share/plpslam_ros2/hook/cmake_prefix_path.ps1'
[30.111s] colcon.colcon_core.shell INFO Creating environment descriptor '/home/ros/lib/SLAM/VIO/Structure-PLP-SLAM/ros2/install/plpslam_ros2/share/plpslam_ros2/hook/cmake_prefix_path.dsv'
[30.112s] colcon.colcon_core.shell INFO Creating environment hook '/home/ros/lib/SLAM/VIO/Structure-PLP-SLAM/ros2/install/plpslam_ros2/share/plpslam_ros2/hook/cmake_prefix_path.sh'
[30.113s] colcon.colcon_core.environment Level 1 checking '/home/ros/lib/SLAM/VIO/Structure-PLP-SLAM/ros2/install/plpslam_ros2/lib'
[30.113s] colcon.colcon_core.environment Level 1 checking '/home/ros/lib/SLAM/VIO/Structure-PLP-SLAM/ros2/install/plpslam_ros2/bin'
[30.113s] colcon.colcon_core.environment Level 1 checking '/home/ros/lib/SLAM/VIO/Structure-PLP-SLAM/ros2/install/plpslam_ros2/lib/pkgconfig/plpslam_ros2.pc'
[30.114s] colcon.colcon_core.environment Level 1 checking '/home/ros/lib/SLAM/VIO/Structure-PLP-SLAM/ros2/install/plpslam_ros2/lib/python3.10/site-packages'
[30.114s] colcon.colcon_core.environment Level 1 checking '/home/ros/lib/SLAM/VIO/Structure-PLP-SLAM/ros2/install/plpslam_ros2/bin'
[30.115s] colcon.colcon_core.shell INFO Creating package script '/home/ros/lib/SLAM/VIO/Structure-PLP-SLAM/ros2/install/plpslam_ros2/share/plpslam_ros2/package.ps1'
[30.117s] colcon.colcon_core.shell INFO Creating package descriptor '/home/ros/lib/SLAM/VIO/Structure-PLP-SLAM/ros2/install/plpslam_ros2/share/plpslam_ros2/package.dsv'
[30.117s] colcon.colcon_core.shell INFO Creating package script '/home/ros/lib/SLAM/VIO/Structure-PLP-SLAM/ros2/install/plpslam_ros2/share/plpslam_ros2/package.sh'
[30.118s] colcon.colcon_core.shell INFO Creating package script '/home/ros/lib/SLAM/VIO/Structure-PLP-SLAM/ros2/install/plpslam_ros2/share/plpslam_ros2/package.bash'
[30.120s] colcon.colcon_core.shell INFO Creating package script '/home/ros/lib/SLAM/VIO/Structure-PLP-SLAM/ros2/install/plpslam_ros2/share/plpslam_ros2/package.zsh'
[30.121s] colcon.colcon_core.environment Level 1 create_file_with_runtime_dependencies(/home/ros/lib/SLAM/VIO/Structure-PLP-SLAM/ros2/install/plpslam_ros2/share/colcon-core/packages/plpslam_ros2)
[30.123s] colcon.colcon_core.environment Level 1 create_environment_scripts_only(plpslam_ros2)
[30.123s] colcon.colcon_core.environment Level 1 checking '/home/ros/lib/SLAM/VIO/Structure-PLP-SLAM/ros2/install/plpslam_ros2' for CMake module files
[30.124s] colcon.colcon_core.environment Level 1 checking '/home/ros/lib/SLAM/VIO/Structure-PLP-SLAM/ros2/install/plpslam_ros2' for CMake config files
[30.125s] colcon.colcon_core.shell Level 1 create_environment_hook('plpslam_ros2', 'cmake_prefix_path')
[30.125s] colcon.colcon_core.shell INFO Creating environment hook '/home/ros/lib/SLAM/VIO/Structure-PLP-SLAM/ros2/install/plpslam_ros2/share/plpslam_ros2/hook/cmake_prefix_path.ps1'
[30.126s] colcon.colcon_core.shell INFO Creating environment descriptor '/home/ros/lib/SLAM/VIO/Structure-PLP-SLAM/ros2/install/plpslam_ros2/share/plpslam_ros2/hook/cmake_prefix_path.dsv'
[30.126s] colcon.colcon_core.shell INFO Creating environment hook '/home/ros/lib/SLAM/VIO/Structure-PLP-SLAM/ros2/install/plpslam_ros2/share/plpslam_ros2/hook/cmake_prefix_path.sh'
[30.127s] colcon.colcon_core.environment Level 1 checking '/home/ros/lib/SLAM/VIO/Structure-PLP-SLAM/ros2/install/plpslam_ros2/lib'
[30.128s] colcon.colcon_core.environment Level 1 checking '/home/ros/lib/SLAM/VIO/Structure-PLP-SLAM/ros2/install/plpslam_ros2/bin'
[30.128s] colcon.colcon_core.environment Level 1 checking '/home/ros/lib/SLAM/VIO/Structure-PLP-SLAM/ros2/install/plpslam_ros2/lib/pkgconfig/plpslam_ros2.pc'
[30.128s] colcon.colcon_core.environment Level 1 checking '/home/ros/lib/SLAM/VIO/Structure-PLP-SLAM/ros2/install/plpslam_ros2/lib/python3.10/site-packages'
[30.129s] colcon.colcon_core.environment Level 1 checking '/home/ros/lib/SLAM/VIO/Structure-PLP-SLAM/ros2/install/plpslam_ros2/bin'
[30.130s] colcon.colcon_core.shell INFO Creating package script '/home/ros/lib/SLAM/VIO/Structure-PLP-SLAM/ros2/install/plpslam_ros2/share/plpslam_ros2/package.ps1'
[30.131s] colcon.colcon_core.shell INFO Creating package descriptor '/home/ros/lib/SLAM/VIO/Structure-PLP-SLAM/ros2/install/plpslam_ros2/share/plpslam_ros2/package.dsv'
[30.132s] colcon.colcon_core.shell INFO Creating package script '/home/ros/lib/SLAM/VIO/Structure-PLP-SLAM/ros2/install/plpslam_ros2/share/plpslam_ros2/package.sh'
[30.133s] colcon.colcon_core.shell INFO Creating package script '/home/ros/lib/SLAM/VIO/Structure-PLP-SLAM/ros2/install/plpslam_ros2/share/plpslam_ros2/package.bash'
[30.134s] colcon.colcon_core.shell INFO Creating package script '/home/ros/lib/SLAM/VIO/Structure-PLP-SLAM/ros2/install/plpslam_ros2/share/plpslam_ros2/package.zsh'
[30.135s] colcon.colcon_core.environment Level 1 create_file_with_runtime_dependencies(/home/ros/lib/SLAM/VIO/Structure-PLP-SLAM/ros2/install/plpslam_ros2/share/colcon-core/packages/plpslam_ros2)
[30.135s] colcon.colcon_parallel_executor.executor.parallel DEBUG closing loop
[30.136s] colcon.colcon_parallel_executor.executor.parallel DEBUG loop closed
[30.136s] colcon.colcon_parallel_executor.executor.parallel DEBUG run_until_complete finished with '0'
[30.136s] colcon.colcon_core.event_reactor DEBUG joining thread
[30.145s] colcon.colcon_core.plugin_system INFO Skipping extension 'colcon_notification.desktop_notification.terminal_notifier': Not used on non-Darwin systems
[30.145s] colcon.colcon_core.plugin_system INFO Skipping extension 'colcon_notification.desktop_notification.win32': Not used on non-Windows systems
[30.145s] colcon.colcon_notification.desktop_notification INFO Sending desktop notification using 'notify2'
[30.172s] colcon.colcon_core.event_reactor DEBUG joined thread
[30.172s] colcon.colcon_core.shell INFO Creating prefix script '/home/ros/lib/SLAM/VIO/Structure-PLP-SLAM/ros2/install/local_setup.ps1'
[30.174s] colcon.colcon_core.shell INFO Creating prefix util module '/home/ros/lib/SLAM/VIO/Structure-PLP-SLAM/ros2/install/_local_setup_util_ps1.py'
[30.176s] colcon.colcon_core.shell INFO Creating prefix chain script '/home/ros/lib/SLAM/VIO/Structure-PLP-SLAM/ros2/install/setup.ps1'
[30.180s] colcon.colcon_core.shell INFO Creating prefix script '/home/ros/lib/SLAM/VIO/Structure-PLP-SLAM/ros2/install/local_setup.sh'
[30.181s] colcon.colcon_core.shell INFO Creating prefix util module '/home/ros/lib/SLAM/VIO/Structure-PLP-SLAM/ros2/install/_local_setup_util_sh.py'
[30.182s] colcon.colcon_core.shell INFO Creating prefix chain script '/home/ros/lib/SLAM/VIO/Structure-PLP-SLAM/ros2/install/setup.sh'
[30.184s] colcon.colcon_core.shell INFO Creating prefix script '/home/ros/lib/SLAM/VIO/Structure-PLP-SLAM/ros2/install/local_setup.bash'
[30.185s] colcon.colcon_core.shell INFO Creating prefix chain script '/home/ros/lib/SLAM/VIO/Structure-PLP-SLAM/ros2/install/setup.bash'
[30.187s] colcon.colcon_core.shell INFO Creating prefix script '/home/ros/lib/SLAM/VIO/Structure-PLP-SLAM/ros2/install/local_setup.zsh'
[30.188s] colcon.colcon_core.shell INFO Creating prefix chain script '/home/ros/lib/SLAM/VIO/Structure-PLP-SLAM/ros2/install/setup.zsh'
