[0.022s] Invoking command in '/home/ros/lib/SLAM/VIO/Structure-PLP-SLAM/ros2/build/plpslam_ros2': CMAKE_PREFIX_PATH=${CMAKE_PREFIX_PATH}:/opt/ros/humble CONDA_PROMPT_MODIFIER=(ros) /home/ros/app/cmake-4.4.0/bin/cmake --build /home/ros/lib/SLAM/VIO/Structure-PLP-SLAM/ros2/build/plpslam_ros2 -- -j24 -l24
[0.081s] [ 11%] Building CXX object CMakeFiles/rgbd.dir/src/rgbd/rgbd-slam-node.cpp.o
[0.084s] [ 22%] Building CXX object CMakeFiles/stereo.dir/src/stereo/stereo-slam-node.cpp.o
[0.088s] [ 33%] Building CXX object CMakeFiles/mono.dir/src/mono/mono-slam-node.cpp.o
[6.650s] /home/ros/lib/SLAM/VIO/Structure-PLP-SLAM/ros2/src/mono/mono-slam-node.cpp: In member function ‘void MonoSlamNode::GrabMono(sensor_msgs::msg::Image_<std::allocator<void> >::SharedPtr)’:
[6.651s] /home/ros/lib/SLAM/VIO/Structure-PLP-SLAM/ros2/src/mono/mono-slam-node.cpp:29:43: error: no match for ‘operator=’ (operand types are ‘cv_bridge::CvImagePtr’ {aka ‘std::shared_ptr<cv_bridge::CvImage>’} and ‘cv_bridge::CvImageConstPtr’ {aka ‘std::shared_ptr<const cv_bridge::CvImage>’})
[6.651s]    29 |         cv_ptr_ = cv_bridge::toCvShare(msg);
[6.651s]       |                                           ^
[6.651s] In file included from /usr/include/c++/11/memory:77,
[6.651s]                  from /opt/ros/humble/include/rclcpp/rclcpp/rclcpp.hpp:153,
[6.651s]                  from /home/ros/lib/SLAM/VIO/Structure-PLP-SLAM/ros2/src/mono/mono-slam-node.hpp:4,
[6.651s]                  from /home/ros/lib/SLAM/VIO/Structure-PLP-SLAM/ros2/src/mono/mono-slam-node.cpp:1:
[6.652s] /usr/include/c++/11/bits/shared_ptr.h:363:9: note: candidate: ‘template<class _Yp> std::shared_ptr<_Tp>::_Assignable<const std::shared_ptr<_Yp>&> std::shared_ptr<_Tp>::operator=(const std::shared_ptr<_Yp>&) [with _Yp = _Yp; _Tp = cv_bridge::CvImage]’
[6.652s]   363 |         operator=(const shared_ptr<_Yp>& __r) noexcept
[6.652s]       |         ^~~~~~~~
[6.652s] /usr/include/c++/11/bits/shared_ptr.h:363:9: note:   template argument deduction/substitution failed:
[6.652s] /usr/include/c++/11/bits/shared_ptr.h: In substitution of ‘template<class _Tp> template<class _Arg> using _Assignable = typename std::enable_if<std::is_assignable<std::__shared_ptr<_Tp>&, _Arg>::value, std::shared_ptr<_Tp>&>::type [with _Arg = const std::shared_ptr<const cv_bridge::CvImage>&; _Tp = cv_bridge::CvImage]’:
[6.652s] /usr/include/c++/11/bits/shared_ptr.h:363:2:   required by substitution of ‘template<class _Yp> std::shared_ptr<cv_bridge::CvImage>::_Assignable<const std::shared_ptr<_Tp>&> std::shared_ptr<cv_bridge::CvImage>::operator=<_Yp>(const std::shared_ptr<_Tp>&) [with _Yp = const cv_bridge::CvImage]’
[6.652s] /home/ros/lib/SLAM/VIO/Structure-PLP-SLAM/ros2/src/mono/mono-slam-node.cpp:29:43:   required from here
[6.653s] /usr/include/c++/11/bits/shared_ptr.h:130:15: error: no type named ‘type’ in ‘struct std::enable_if<false, std::shared_ptr<cv_bridge::CvImage>&>’
[6.653s]   130 |         using _Assignable = typename enable_if<
[6.653s]       |               ^~~~~~~~~~~
[6.653s] /usr/include/c++/11/bits/shared_ptr.h:374:9: note: candidate: ‘template<class _Yp> std::shared_ptr<_Tp>::_Assignable<std::auto_ptr<_Up> > std::shared_ptr<_Tp>::operator=(std::auto_ptr<_Up>&&) [with _Yp = _Yp; _Tp = cv_bridge::CvImage]’
[6.653s]   374 |         operator=(auto_ptr<_Yp>&& __r)
[6.653s]       |         ^~~~~~~~
[6.653s] /usr/include/c++/11/bits/shared_ptr.h:374:9: note:   template argument deduction/substitution failed:
[6.653s] /home/ros/lib/SLAM/VIO/Structure-PLP-SLAM/ros2/src/mono/mono-slam-node.cpp:29:43: note:   ‘cv_bridge::CvImageConstPtr’ {aka ‘std::shared_ptr<const cv_bridge::CvImage>’} is not derived from ‘std::auto_ptr<_Up>’
[6.654s]    29 |         cv_ptr_ = cv_bridge::toCvShare(msg);
[6.654s]       |                                           ^
[6.654s] In file included from /usr/include/c++/11/memory:77,
[6.654s]                  from /opt/ros/humble/include/rclcpp/rclcpp/rclcpp.hpp:153,
[6.654s]                  from /home/ros/lib/SLAM/VIO/Structure-PLP-SLAM/ros2/src/mono/mono-slam-node.hpp:4,
[6.654s]                  from /home/ros/lib/SLAM/VIO/Structure-PLP-SLAM/ros2/src/mono/mono-slam-node.cpp:1:
[6.654s] /usr/include/c++/11/bits/shared_ptr.h:391:9: note: candidate: ‘template<class _Yp> std::shared_ptr<_Tp>::_Assignable<std::shared_ptr<_Yp> > std::shared_ptr<_Tp>::operator=(std::shared_ptr<_Yp>&&) [with _Yp = _Yp; _Tp = cv_bridge::CvImage]’
[6.655s]   391 |         operator=(shared_ptr<_Yp>&& __r) noexcept
[6.655s]       |         ^~~~~~~~
[6.655s] /usr/include/c++/11/bits/shared_ptr.h:391:9: note:   template argument deduction/substitution failed:
[6.655s] /usr/include/c++/11/bits/shared_ptr.h: In substitution of ‘template<class _Tp> template<class _Arg> using _Assignable = typename std::enable_if<std::is_assignable<std::__shared_ptr<_Tp>&, _Arg>::value, std::shared_ptr<_Tp>&>::type [with _Arg = std::shared_ptr<const cv_bridge::CvImage>; _Tp = cv_bridge::CvImage]’:
[6.655s] /usr/include/c++/11/bits/shared_ptr.h:391:2:   required by substitution of ‘template<class _Yp> std::shared_ptr<cv_bridge::CvImage>::_Assignable<std::shared_ptr<_Tp> > std::shared_ptr<cv_bridge::CvImage>::operator=<_Yp>(std::shared_ptr<_Tp>&&) [with _Yp = const cv_bridge::CvImage]’
[6.655s] /home/ros/lib/SLAM/VIO/Structure-PLP-SLAM/ros2/src/mono/mono-slam-node.cpp:29:43:   required from here
[6.655s] /usr/include/c++/11/bits/shared_ptr.h:130:15: error: no type named ‘type’ in ‘struct std::enable_if<false, std::shared_ptr<cv_bridge::CvImage>&>’
[6.656s]   130 |         using _Assignable = typename enable_if<
[6.656s]       |               ^~~~~~~~~~~
[6.656s] /usr/include/c++/11/bits/shared_ptr.h:399:9: note: candidate: ‘template<class _Yp, class _Del> std::shared_ptr<_Tp>::_Assignable<std::unique_ptr<_Up, _Ep> > std::shared_ptr<_Tp>::operator=(std::unique_ptr<_Up, _Ep>&&) [with _Yp = _Yp; _Del = _Del; _Tp = cv_bridge::CvImage]’
[6.656s]   399 |         operator=(unique_ptr<_Yp, _Del>&& __r)
[6.656s]       |         ^~~~~~~~
[6.656s] /usr/include/c++/11/bits/shared_ptr.h:399:9: note:   template argument deduction/substitution failed:
[6.656s] /home/ros/lib/SLAM/VIO/Structure-PLP-SLAM/ros2/src/mono/mono-slam-node.cpp:29:43: note:   ‘cv_bridge::CvImageConstPtr’ {aka ‘std::shared_ptr<const cv_bridge::CvImage>’} is not derived from ‘std::unique_ptr<_Tp, _Dp>’
[6.657s]    29 |         cv_ptr_ = cv_bridge::toCvShare(msg);
[6.657s]       |                                           ^
[6.657s] In file included from /usr/include/c++/11/memory:77,
[6.657s]                  from /opt/ros/humble/include/rclcpp/rclcpp/rclcpp.hpp:153,
[6.657s]                  from /home/ros/lib/SLAM/VIO/Structure-PLP-SLAM/ros2/src/mono/mono-slam-node.hpp:4,
[6.657s]                  from /home/ros/lib/SLAM/VIO/Structure-PLP-SLAM/ros2/src/mono/mono-slam-node.cpp:1:
[6.657s] /usr/include/c++/11/bits/shared_ptr.h:359:19: note: candidate: ‘std::shared_ptr<_Tp>& std::shared_ptr<_Tp>::operator=(const std::shared_ptr<_Tp>&) [with _Tp = cv_bridge::CvImage]’
[6.657s]   359 |       shared_ptr& operator=(const shared_ptr&) noexcept = default;
[6.658s]       |                   ^~~~~~~~
[6.658s] /usr/include/c++/11/bits/shared_ptr.h:359:29: note:   no known conversion for argument 1 from ‘cv_bridge::CvImageConstPtr’ {aka ‘std::shared_ptr<const cv_bridge::CvImage>’} to ‘const std::shared_ptr<cv_bridge::CvImage>&’
[6.658s]   359 |       shared_ptr& operator=(const shared_ptr&) noexcept = default;
[6.658s]       |                             ^~~~~~~~~~~~~~~~~
[6.658s] /usr/include/c++/11/bits/shared_ptr.h:383:7: note: candidate: ‘std::shared_ptr<_Tp>& std::shared_ptr<_Tp>::operator=(std::shared_ptr<_Tp>&&) [with _Tp = cv_bridge::CvImage]’
[6.658s]   383 |       operator=(shared_ptr&& __r) noexcept
[6.658s]       |       ^~~~~~~~
[6.658s] /usr/include/c++/11/bits/shared_ptr.h:383:30: note:   no known conversion for argument 1 from ‘cv_bridge::CvImageConstPtr’ {aka ‘std::shared_ptr<const cv_bridge::CvImage>’} to ‘std::shared_ptr<cv_bridge::CvImage>&&’
[6.659s]   383 |       operator=(shared_ptr&& __r) noexcept
[6.659s]       |                 ~~~~~~~~~~~~~^~~
[6.749s] /home/ros/lib/SLAM/VIO/Structure-PLP-SLAM/ros2/src/stereo/stereo-slam-node.cpp: In constructor ‘StereoSlamNode::StereoSlamNode(const std::shared_ptr<PLPSLAM::config>&, const string&, bool)’:
[6.750s] /home/ros/lib/SLAM/VIO/Structure-PLP-SLAM/ros2/src/stereo/stereo-slam-node.cpp:14:9: error: ‘shared_ptr’ was not declared in this scope; did you mean ‘std::shared_ptr’?
[6.750s]    14 |         shared_ptr<rclcpp::Node>(this), "camera/left");
[6.750s]       |         ^~~~~~~~~~
[6.750s]       |         std::shared_ptr
[6.750s] In file included from /usr/include/c++/11/bits/shared_ptr.h:53,
[6.750s]                  from /usr/include/c++/11/memory:77,
[6.750s]                  from /opt/ros/humble/include/rclcpp/rclcpp/rclcpp.hpp:153,
[6.751s]                  from /home/ros/lib/SLAM/VIO/Structure-PLP-SLAM/ros2/src/stereo/stereo-slam-node.hpp:4,
[6.751s]                  from /home/ros/lib/SLAM/VIO/Structure-PLP-SLAM/ros2/src/stereo/stereo-slam-node.cpp:1:
[6.751s] /usr/include/c++/11/bits/shared_ptr_base.h:319:11: note: ‘std::shared_ptr’ declared here
[6.751s]   319 |     class shared_ptr;
[6.751s]       |           ^~~~~~~~~~
[6.751s] /home/ros/lib/SLAM/VIO/Structure-PLP-SLAM/ros2/src/stereo/stereo-slam-node.cpp:14:32: error: expected primary-expression before ‘>’ token
[6.751s]    14 |         shared_ptr<rclcpp::Node>(this), "camera/left");
[6.752s]       |                                ^
[6.752s] /home/ros/lib/SLAM/VIO/Structure-PLP-SLAM/ros2/src/stereo/stereo-slam-node.cpp:16:32: error: expected primary-expression before ‘>’ token
[6.752s]    16 |         shared_ptr<rclcpp::Node>(this), "camera/right");
[6.752s]       |                                ^
[6.884s] /home/ros/lib/SLAM/VIO/Structure-PLP-SLAM/ros2/src/rgbd/rgbd-slam-node.cpp: In constructor ‘RgbdSlamNode::RgbdSlamNode(const std::shared_ptr<PLPSLAM::config>&, const string&, bool)’:
[6.885s] /home/ros/lib/SLAM/VIO/Structure-PLP-SLAM/ros2/src/rgbd/rgbd-slam-node.cpp:14:9: error: ‘shared_ptr’ was not declared in this scope; did you mean ‘std::shared_ptr’?
[6.885s]    14 |         shared_ptr<rclcpp::Node>(this), "camera/rgb");
[6.885s]       |         ^~~~~~~~~~
[6.885s]       |         std::shared_ptr
[6.885s] In file included from /usr/include/c++/11/bits/shared_ptr.h:53,
[6.885s]                  from /usr/include/c++/11/memory:77,
[6.885s]                  from /opt/ros/humble/include/rclcpp/rclcpp/rclcpp.hpp:153,
[6.885s]                  from /home/ros/lib/SLAM/VIO/Structure-PLP-SLAM/ros2/src/rgbd/rgbd-slam-node.hpp:4,
[6.886s]                  from /home/ros/lib/SLAM/VIO/Structure-PLP-SLAM/ros2/src/rgbd/rgbd-slam-node.cpp:1:
[6.886s] /usr/include/c++/11/bits/shared_ptr_base.h:319:11: note: ‘std::shared_ptr’ declared here
[6.886s]   319 |     class shared_ptr;
[6.886s]       |           ^~~~~~~~~~
[6.886s] /home/ros/lib/SLAM/VIO/Structure-PLP-SLAM/ros2/src/rgbd/rgbd-slam-node.cpp:14:32: error: expected primary-expression before ‘>’ token
[6.886s]    14 |         shared_ptr<rclcpp::Node>(this), "camera/rgb");
[6.886s]       |                                ^
[6.886s] /home/ros/lib/SLAM/VIO/Structure-PLP-SLAM/ros2/src/rgbd/rgbd-slam-node.cpp:16:32: error: expected primary-expression before ‘>’ token
[6.887s]    16 |         shared_ptr<rclcpp::Node>(this), "camera/depth");
[6.887s]       |                                ^
[6.951s] /home/ros/lib/SLAM/VIO/Structure-PLP-SLAM/ros2/src/stereo/stereo-slam-node.cpp: In member function ‘void StereoSlamNode::GrabStereo(sensor_msgs::msg::Image_<std::allocator<void> >::SharedPtr, sensor_msgs::msg::Image_<std::allocator<void> >::SharedPtr)’:
[6.952s] /home/ros/lib/SLAM/VIO/Structure-PLP-SLAM/ros2/src/stereo/stereo-slam-node.cpp:35:51: error: no match for ‘operator=’ (operand types are ‘cv_bridge::CvImagePtr’ {aka ‘std::shared_ptr<cv_bridge::CvImage>’} and ‘cv_bridge::CvImageConstPtr’ {aka ‘std::shared_ptr<const cv_bridge::CvImage>’})
[6.952s]    35 |         cv_ptrLeft_ = cv_bridge::toCvShare(msgLeft);
[6.952s]       |                                                   ^
[6.953s] In file included from /usr/include/c++/11/memory:77,
[6.953s]                  from /opt/ros/humble/include/rclcpp/rclcpp/rclcpp.hpp:153,
[6.953s]                  from /home/ros/lib/SLAM/VIO/Structure-PLP-SLAM/ros2/src/stereo/stereo-slam-node.hpp:4,
[6.953s]                  from /home/ros/lib/SLAM/VIO/Structure-PLP-SLAM/ros2/src/stereo/stereo-slam-node.cpp:1:
[6.953s] /usr/include/c++/11/bits/shared_ptr.h:363:9: note: candidate: ‘template<class _Yp> std::shared_ptr<_Tp>::_Assignable<const std::shared_ptr<_Yp>&> std::shared_ptr<_Tp>::operator=(const std::shared_ptr<_Yp>&) [with _Yp = _Yp; _Tp = cv_bridge::CvImage]’
[6.953s]   363 |         operator=(const shared_ptr<_Yp>& __r) noexcept
[6.953s]       |         ^~~~~~~~
[6.954s] /usr/include/c++/11/bits/shared_ptr.h:363:9: note:   template argument deduction/substitution failed:
[6.954s] /usr/include/c++/11/bits/shared_ptr.h: In substitution of ‘template<class _Tp> template<class _Arg> using _Assignable = typename std::enable_if<std::is_assignable<std::__shared_ptr<_Tp>&, _Arg>::value, std::shared_ptr<_Tp>&>::type [with _Arg = const std::shared_ptr<const cv_bridge::CvImage>&; _Tp = cv_bridge::CvImage]’:
[6.954s] /usr/include/c++/11/bits/shared_ptr.h:363:2:   required by substitution of ‘template<class _Yp> std::shared_ptr<cv_bridge::CvImage>::_Assignable<const std::shared_ptr<_Tp>&> std::shared_ptr<cv_bridge::CvImage>::operator=<_Yp>(const std::shared_ptr<_Tp>&) [with _Yp = const cv_bridge::CvImage]’
[6.954s] /home/ros/lib/SLAM/VIO/Structure-PLP-SLAM/ros2/src/stereo/stereo-slam-node.cpp:35:51:   required from here
[6.954s] /usr/include/c++/11/bits/shared_ptr.h:130:15: error: no type named ‘type’ in ‘struct std::enable_if<false, std::shared_ptr<cv_bridge::CvImage>&>’
[6.954s]   130 |         using _Assignable = typename enable_if<
[6.955s]       |               ^~~~~~~~~~~
[6.955s] /usr/include/c++/11/bits/shared_ptr.h:374:9: note: candidate: ‘template<class _Yp> std::shared_ptr<_Tp>::_Assignable<std::auto_ptr<_Up> > std::shared_ptr<_Tp>::operator=(std::auto_ptr<_Up>&&) [with _Yp = _Yp; _Tp = cv_bridge::CvImage]’
[6.955s]   374 |         operator=(auto_ptr<_Yp>&& __r)
[6.955s]       |         ^~~~~~~~
[6.955s] /usr/include/c++/11/bits/shared_ptr.h:374:9: note:   template argument deduction/substitution failed:
[6.955s] /home/ros/lib/SLAM/VIO/Structure-PLP-SLAM/ros2/src/stereo/stereo-slam-node.cpp:35:51: note:   ‘cv_bridge::CvImageConstPtr’ {aka ‘std::shared_ptr<const cv_bridge::CvImage>’} is not derived from ‘std::auto_ptr<_Up>’
[6.955s]    35 |         cv_ptrLeft_ = cv_bridge::toCvShare(msgLeft);
[6.956s]       |                                                   ^
[6.956s] In file included from /usr/include/c++/11/memory:77,
[6.956s]                  from /opt/ros/humble/include/rclcpp/rclcpp/rclcpp.hpp:153,
[6.956s]                  from /home/ros/lib/SLAM/VIO/Structure-PLP-SLAM/ros2/src/stereo/stereo-slam-node.hpp:4,
[6.956s]                  from /home/ros/lib/SLAM/VIO/Structure-PLP-SLAM/ros2/src/stereo/stereo-slam-node.cpp:1:
[6.956s] /usr/include/c++/11/bits/shared_ptr.h:391:9: note: candidate: ‘template<class _Yp> std::shared_ptr<_Tp>::_Assignable<std::shared_ptr<_Yp> > std::shared_ptr<_Tp>::operator=(std::shared_ptr<_Yp>&&) [with _Yp = _Yp; _Tp = cv_bridge::CvImage]’
[6.956s]   391 |         operator=(shared_ptr<_Yp>&& __r) noexcept
[6.956s]       |         ^~~~~~~~
[6.956s] /usr/include/c++/11/bits/shared_ptr.h:391:9: note:   template argument deduction/substitution failed:
[6.957s] /usr/include/c++/11/bits/shared_ptr.h: In substitution of ‘template<class _Tp> template<class _Arg> using _Assignable = typename std::enable_if<std::is_assignable<std::__shared_ptr<_Tp>&, _Arg>::value, std::shared_ptr<_Tp>&>::type [with _Arg = std::shared_ptr<const cv_bridge::CvImage>; _Tp = cv_bridge::CvImage]’:
[6.957s] /usr/include/c++/11/bits/shared_ptr.h:391:2:   required by substitution of ‘template<class _Yp> std::shared_ptr<cv_bridge::CvImage>::_Assignable<std::shared_ptr<_Tp> > std::shared_ptr<cv_bridge::CvImage>::operator=<_Yp>(std::shared_ptr<_Tp>&&) [with _Yp = const cv_bridge::CvImage]’
[6.957s] /home/ros/lib/SLAM/VIO/Structure-PLP-SLAM/ros2/src/stereo/stereo-slam-node.cpp:35:51:   required from here
[6.957s] /usr/include/c++/11/bits/shared_ptr.h:130:15: error: no type named ‘type’ in ‘struct std::enable_if<false, std::shared_ptr<cv_bridge::CvImage>&>’
[6.957s]   130 |         using _Assignable = typename enable_if<
[6.957s]       |               ^~~~~~~~~~~
[6.957s] /usr/include/c++/11/bits/shared_ptr.h:399:9: note: candidate: ‘template<class _Yp, class _Del> std::shared_ptr<_Tp>::_Assignable<std::unique_ptr<_Up, _Ep> > std::shared_ptr<_Tp>::operator=(std::unique_ptr<_Up, _Ep>&&) [with _Yp = _Yp; _Del = _Del; _Tp = cv_bridge::CvImage]’
[6.957s]   399 |         operator=(unique_ptr<_Yp, _Del>&& __r)
[6.957s]       |         ^~~~~~~~
[6.957s] /usr/include/c++/11/bits/shared_ptr.h:399:9: note:   template argument deduction/substitution failed:
[6.957s] /home/ros/lib/SLAM/VIO/Structure-PLP-SLAM/ros2/src/stereo/stereo-slam-node.cpp:35:51: note:   ‘cv_bridge::CvImageConstPtr’ {aka ‘std::shared_ptr<const cv_bridge::CvImage>’} is not derived from ‘std::unique_ptr<_Tp, _Dp>’
[6.957s]    35 |         cv_ptrLeft_ = cv_bridge::toCvShare(msgLeft);
[6.957s]       |                                                   ^
[6.958s] In file included from /usr/include/c++/11/memory:77,
[6.958s]                  from /opt/ros/humble/include/rclcpp/rclcpp/rclcpp.hpp:153,
[6.958s]                  from /home/ros/lib/SLAM/VIO/Structure-PLP-SLAM/ros2/src/stereo/stereo-slam-node.hpp:4,
[6.958s]                  from /home/ros/lib/SLAM/VIO/Structure-PLP-SLAM/ros2/src/stereo/stereo-slam-node.cpp:1:
[6.958s] /usr/include/c++/11/bits/shared_ptr.h:359:19: note: candidate: ‘std::shared_ptr<_Tp>& std::shared_ptr<_Tp>::operator=(const std::shared_ptr<_Tp>&) [with _Tp = cv_bridge::CvImage]’
[6.958s]   359 |       shared_ptr& operator=(const shared_ptr&) noexcept = default;
[6.958s]       |                   ^~~~~~~~
[6.958s] /usr/include/c++/11/bits/shared_ptr.h:359:29: note:   no known conversion for argument 1 from ‘cv_bridge::CvImageConstPtr’ {aka ‘std::shared_ptr<const cv_bridge::CvImage>’} to ‘const std::shared_ptr<cv_bridge::CvImage>&’
[6.958s]   359 |       shared_ptr& operator=(const shared_ptr&) noexcept = default;
[6.958s]       |                             ^~~~~~~~~~~~~~~~~
[6.958s] /usr/include/c++/11/bits/shared_ptr.h:383:7: note: candidate: ‘std::shared_ptr<_Tp>& std::shared_ptr<_Tp>::operator=(std::shared_ptr<_Tp>&&) [with _Tp = cv_bridge::CvImage]’
[6.958s]   383 |       operator=(shared_ptr&& __r) noexcept
[6.959s]       |       ^~~~~~~~
[6.959s] /usr/include/c++/11/bits/shared_ptr.h:383:30: note:   no known conversion for argument 1 from ‘cv_bridge::CvImageConstPtr’ {aka ‘std::shared_ptr<const cv_bridge::CvImage>’} to ‘std::shared_ptr<cv_bridge::CvImage>&&’
[6.959s]   383 |       operator=(shared_ptr&& __r) noexcept
[6.959s]       |                 ~~~~~~~~~~~~~^~~
[6.959s] /home/ros/lib/SLAM/VIO/Structure-PLP-SLAM/ros2/src/stereo/stereo-slam-node.cpp:45:53: error: no match for ‘operator=’ (operand types are ‘cv_bridge::CvImagePtr’ {aka ‘std::shared_ptr<cv_bridge::CvImage>’} and ‘cv_bridge::CvImageConstPtr’ {aka ‘std::shared_ptr<const cv_bridge::CvImage>’})
[6.959s]    45 |         cv_ptrRight_ = cv_bridge::toCvShare(msgRight);
[6.959s]       |                                                     ^
[6.959s] In file included from /usr/include/c++/11/memory:77,
[6.959s]                  from /opt/ros/humble/include/rclcpp/rclcpp/rclcpp.hpp:153,
[6.959s]                  from /home/ros/lib/SLAM/VIO/Structure-PLP-SLAM/ros2/src/stereo/stereo-slam-node.hpp:4,
[6.959s]                  from /home/ros/lib/SLAM/VIO/Structure-PLP-SLAM/ros2/src/stereo/stereo-slam-node.cpp:1:
[6.960s] /usr/include/c++/11/bits/shared_ptr.h:363:9: note: candidate: ‘template<class _Yp> std::shared_ptr<_Tp>::_Assignable<const std::shared_ptr<_Yp>&> std::shared_ptr<_Tp>::operator=(const std::shared_ptr<_Yp>&) [with _Yp = _Yp; _Tp = cv_bridge::CvImage]’
[6.960s]   363 |         operator=(const shared_ptr<_Yp>& __r) noexcept
[6.960s]       |         ^~~~~~~~
[6.960s] /usr/include/c++/11/bits/shared_ptr.h:363:9: note:   template argument deduction/substitution failed:
[6.960s] /usr/include/c++/11/bits/shared_ptr.h:374:9: note: candidate: ‘template<class _Yp> std::shared_ptr<_Tp>::_Assignable<std::auto_ptr<_Up> > std::shared_ptr<_Tp>::operator=(std::auto_ptr<_Up>&&) [with _Yp = _Yp; _Tp = cv_bridge::CvImage]’
[6.960s]   374 |         operator=(auto_ptr<_Yp>&& __r)
[6.960s]       |         ^~~~~~~~
[6.960s] /usr/include/c++/11/bits/shared_ptr.h:374:9: note:   template argument deduction/substitution failed:
[6.960s] /home/ros/lib/SLAM/VIO/Structure-PLP-SLAM/ros2/src/stereo/stereo-slam-node.cpp:45:53: note:   ‘cv_bridge::CvImageConstPtr’ {aka ‘std::shared_ptr<const cv_bridge::CvImage>’} is not derived from ‘std::auto_ptr<_Up>’
[6.960s]    45 |         cv_ptrRight_ = cv_bridge::toCvShare(msgRight);
[6.960s]       |                                                     ^
[6.960s] In file included from /usr/include/c++/11/memory:77,
[6.961s]                  from /opt/ros/humble/include/rclcpp/rclcpp/rclcpp.hpp:153,
[6.961s]                  from /home/ros/lib/SLAM/VIO/Structure-PLP-SLAM/ros2/src/stereo/stereo-slam-node.hpp:4,
[6.961s]                  from /home/ros/lib/SLAM/VIO/Structure-PLP-SLAM/ros2/src/stereo/stereo-slam-node.cpp:1:
[6.961s] /usr/include/c++/11/bits/shared_ptr.h:391:9: note: candidate: ‘template<class _Yp> std::shared_ptr<_Tp>::_Assignable<std::shared_ptr<_Yp> > std::shared_ptr<_Tp>::operator=(std::shared_ptr<_Yp>&&) [with _Yp = _Yp; _Tp = cv_bridge::CvImage]’
[6.961s]   391 |         operator=(shared_ptr<_Yp>&& __r) noexcept
[6.961s]       |         ^~~~~~~~
[6.961s] /usr/include/c++/11/bits/shared_ptr.h:391:9: note:   template argument deduction/substitution failed:
[6.961s] /usr/include/c++/11/bits/shared_ptr.h:399:9: note: candidate: ‘template<class _Yp, class _Del> std::shared_ptr<_Tp>::_Assignable<std::unique_ptr<_Up, _Ep> > std::shared_ptr<_Tp>::operator=(std::unique_ptr<_Up, _Ep>&&) [with _Yp = _Yp; _Del = _Del; _Tp = cv_bridge::CvImage]’
[6.961s]   399 |         operator=(unique_ptr<_Yp, _Del>&& __r)
[6.961s]       |         ^~~~~~~~
[6.961s] /usr/include/c++/11/bits/shared_ptr.h:399:9: note:   template argument deduction/substitution failed:
[6.961s] /home/ros/lib/SLAM/VIO/Structure-PLP-SLAM/ros2/src/stereo/stereo-slam-node.cpp:45:53: note:   ‘cv_bridge::CvImageConstPtr’ {aka ‘std::shared_ptr<const cv_bridge::CvImage>’} is not derived from ‘std::unique_ptr<_Tp, _Dp>’
[6.962s]    45 |         cv_ptrRight_ = cv_bridge::toCvShare(msgRight);
[6.962s]       |                                                     ^
[6.962s] In file included from /usr/include/c++/11/memory:77,
[6.962s]                  from /opt/ros/humble/include/rclcpp/rclcpp/rclcpp.hpp:153,
[6.962s]                  from /home/ros/lib/SLAM/VIO/Structure-PLP-SLAM/ros2/src/stereo/stereo-slam-node.hpp:4,
[6.962s]                  from /home/ros/lib/SLAM/VIO/Structure-PLP-SLAM/ros2/src/stereo/stereo-slam-node.cpp:1:
[6.962s] /usr/include/c++/11/bits/shared_ptr.h:359:19: note: candidate: ‘std::shared_ptr<_Tp>& std::shared_ptr<_Tp>::operator=(const std::shared_ptr<_Tp>&) [with _Tp = cv_bridge::CvImage]’
[6.962s]   359 |       shared_ptr& operator=(const shared_ptr&) noexcept = default;
[6.962s]       |                   ^~~~~~~~
[6.962s] /usr/include/c++/11/bits/shared_ptr.h:359:29: note:   no known conversion for argument 1 from ‘cv_bridge::CvImageConstPtr’ {aka ‘std::shared_ptr<const cv_bridge::CvImage>’} to ‘const std::shared_ptr<cv_bridge::CvImage>&’
[6.962s]   359 |       shared_ptr& operator=(const shared_ptr&) noexcept = default;
[6.962s]       |                             ^~~~~~~~~~~~~~~~~
[6.962s] /usr/include/c++/11/bits/shared_ptr.h:383:7: note: candidate: ‘std::shared_ptr<_Tp>& std::shared_ptr<_Tp>::operator=(std::shared_ptr<_Tp>&&) [with _Tp = cv_bridge::CvImage]’
[6.963s]   383 |       operator=(shared_ptr&& __r) noexcept
[6.963s]       |       ^~~~~~~~
[6.963s] /usr/include/c++/11/bits/shared_ptr.h:383:30: note:   no known conversion for argument 1 from ‘cv_bridge::CvImageConstPtr’ {aka ‘std::shared_ptr<const cv_bridge::CvImage>’} to ‘std::shared_ptr<cv_bridge::CvImage>&&’
[6.963s]   383 |       operator=(shared_ptr&& __r) noexcept
[6.963s]       |                 ~~~~~~~~~~~~~^~~
[7.077s] /home/ros/lib/SLAM/VIO/Structure-PLP-SLAM/ros2/src/rgbd/rgbd-slam-node.cpp: In member function ‘void RgbdSlamNode::GrabRGBD(sensor_msgs::msg::Image_<std::allocator<void> >::SharedPtr, sensor_msgs::msg::Image_<std::allocator<void> >::SharedPtr)’:
[7.077s] /home/ros/lib/SLAM/VIO/Structure-PLP-SLAM/ros2/src/rgbd/rgbd-slam-node.cpp:35:49: error: no match for ‘operator=’ (operand types are ‘cv_bridge::CvImagePtr’ {aka ‘std::shared_ptr<cv_bridge::CvImage>’} and ‘cv_bridge::CvImageConstPtr’ {aka ‘std::shared_ptr<const cv_bridge::CvImage>’})
[7.078s]    35 |         cv_ptrRGB_ = cv_bridge::toCvShare(msgRGB);
[7.078s]       |                                                 ^
[7.078s] In file included from /usr/include/c++/11/memory:77,
[7.078s]                  from /opt/ros/humble/include/rclcpp/rclcpp/rclcpp.hpp:153,
[7.079s]                  from /home/ros/lib/SLAM/VIO/Structure-PLP-SLAM/ros2/src/rgbd/rgbd-slam-node.hpp:4,
[7.079s]                  from /home/ros/lib/SLAM/VIO/Structure-PLP-SLAM/ros2/src/rgbd/rgbd-slam-node.cpp:1:
[7.079s] /usr/include/c++/11/bits/shared_ptr.h:363:9: note: candidate: ‘template<class _Yp> std::shared_ptr<_Tp>::_Assignable<const std::shared_ptr<_Yp>&> std::shared_ptr<_Tp>::operator=(const std::shared_ptr<_Yp>&) [with _Yp = _Yp; _Tp = cv_bridge::CvImage]’
[7.080s]   363 |         operator=(const shared_ptr<_Yp>& __r) noexcept
[7.080s]       |         ^~~~~~~~
[7.080s] /usr/include/c++/11/bits/shared_ptr.h:363:9: note:   template argument deduction/substitution failed:
[7.080s] /usr/include/c++/11/bits/shared_ptr.h: In substitution of ‘template<class _Tp> template<class _Arg> using _Assignable = typename std::enable_if<std::is_assignable<std::__shared_ptr<_Tp>&, _Arg>::value, std::shared_ptr<_Tp>&>::type [with _Arg = const std::shared_ptr<const cv_bridge::CvImage>&; _Tp = cv_bridge::CvImage]’:
[7.080s] /usr/include/c++/11/bits/shared_ptr.h:363:2:   required by substitution of ‘template<class _Yp> std::shared_ptr<cv_bridge::CvImage>::_Assignable<const std::shared_ptr<_Tp>&> std::shared_ptr<cv_bridge::CvImage>::operator=<_Yp>(const std::shared_ptr<_Tp>&) [with _Yp = const cv_bridge::CvImage]’
[7.080s] /home/ros/lib/SLAM/VIO/Structure-PLP-SLAM/ros2/src/rgbd/rgbd-slam-node.cpp:35:49:   required from here
[7.080s] /usr/include/c++/11/bits/shared_ptr.h:130:15: error: no type named ‘type’ in ‘struct std::enable_if<false, std::shared_ptr<cv_bridge::CvImage>&>’
[7.080s]   130 |         using _Assignable = typename enable_if<
[7.080s]       |               ^~~~~~~~~~~
[7.080s] /usr/include/c++/11/bits/shared_ptr.h:374:9: note: candidate: ‘template<class _Yp> std::shared_ptr<_Tp>::_Assignable<std::auto_ptr<_Up> > std::shared_ptr<_Tp>::operator=(std::auto_ptr<_Up>&&) [with _Yp = _Yp; _Tp = cv_bridge::CvImage]’
[7.080s]   374 |         operator=(auto_ptr<_Yp>&& __r)
[7.081s]       |         ^~~~~~~~
[7.081s] /usr/include/c++/11/bits/shared_ptr.h:374:9: note:   template argument deduction/substitution failed:
[7.081s] /home/ros/lib/SLAM/VIO/Structure-PLP-SLAM/ros2/src/rgbd/rgbd-slam-node.cpp:35:49: note:   ‘cv_bridge::CvImageConstPtr’ {aka ‘std::shared_ptr<const cv_bridge::CvImage>’} is not derived from ‘std::auto_ptr<_Up>’
[7.081s]    35 |         cv_ptrRGB_ = cv_bridge::toCvShare(msgRGB);
[7.081s]       |                                                 ^
[7.081s] In file included from /usr/include/c++/11/memory:77,
[7.081s]                  from /opt/ros/humble/include/rclcpp/rclcpp/rclcpp.hpp:153,
[7.081s]                  from /home/ros/lib/SLAM/VIO/Structure-PLP-SLAM/ros2/src/rgbd/rgbd-slam-node.hpp:4,
[7.081s]                  from /home/ros/lib/SLAM/VIO/Structure-PLP-SLAM/ros2/src/rgbd/rgbd-slam-node.cpp:1:
[7.081s] /usr/include/c++/11/bits/shared_ptr.h:391:9: note: candidate: ‘template<class _Yp> std::shared_ptr<_Tp>::_Assignable<std::shared_ptr<_Yp> > std::shared_ptr<_Tp>::operator=(std::shared_ptr<_Yp>&&) [with _Yp = _Yp; _Tp = cv_bridge::CvImage]’
[7.081s]   391 |         operator=(shared_ptr<_Yp>&& __r) noexcept
[7.082s]       |         ^~~~~~~~
[7.082s] /usr/include/c++/11/bits/shared_ptr.h:391:9: note:   template argument deduction/substitution failed:
[7.082s] /usr/include/c++/11/bits/shared_ptr.h: In substitution of ‘template<class _Tp> template<class _Arg> using _Assignable = typename std::enable_if<std::is_assignable<std::__shared_ptr<_Tp>&, _Arg>::value, std::shared_ptr<_Tp>&>::type [with _Arg = std::shared_ptr<const cv_bridge::CvImage>; _Tp = cv_bridge::CvImage]’:
[7.082s] /usr/include/c++/11/bits/shared_ptr.h:391:2:   required by substitution of ‘template<class _Yp> std::shared_ptr<cv_bridge::CvImage>::_Assignable<std::shared_ptr<_Tp> > std::shared_ptr<cv_bridge::CvImage>::operator=<_Yp>(std::shared_ptr<_Tp>&&) [with _Yp = const cv_bridge::CvImage]’
[7.082s] /home/ros/lib/SLAM/VIO/Structure-PLP-SLAM/ros2/src/rgbd/rgbd-slam-node.cpp:35:49:   required from here
[7.082s] /usr/include/c++/11/bits/shared_ptr.h:130:15: error: no type named ‘type’ in ‘struct std::enable_if<false, std::shared_ptr<cv_bridge::CvImage>&>’
[7.082s]   130 |         using _Assignable = typename enable_if<
[7.082s]       |               ^~~~~~~~~~~
[7.082s] /usr/include/c++/11/bits/shared_ptr.h:399:9: note: candidate: ‘template<class _Yp, class _Del> std::shared_ptr<_Tp>::_Assignable<std::unique_ptr<_Up, _Ep> > std::shared_ptr<_Tp>::operator=(std::unique_ptr<_Up, _Ep>&&) [with _Yp = _Yp; _Del = _Del; _Tp = cv_bridge::CvImage]’
[7.082s]   399 |         operator=(unique_ptr<_Yp, _Del>&& __r)
[7.082s]       |         ^~~~~~~~
[7.082s] /usr/include/c++/11/bits/shared_ptr.h:399:9: note:   template argument deduction/substitution failed:
[7.082s] /home/ros/lib/SLAM/VIO/Structure-PLP-SLAM/ros2/src/rgbd/rgbd-slam-node.cpp:35:49: note:   ‘cv_bridge::CvImageConstPtr’ {aka ‘std::shared_ptr<const cv_bridge::CvImage>’} is not derived from ‘std::unique_ptr<_Tp, _Dp>’
[7.083s]    35 |         cv_ptrRGB_ = cv_bridge::toCvShare(msgRGB);
[7.083s]       |                                                 ^
[7.083s] In file included from /usr/include/c++/11/memory:77,
[7.083s]                  from /opt/ros/humble/include/rclcpp/rclcpp/rclcpp.hpp:153,
[7.084s]                  from /home/ros/lib/SLAM/VIO/Structure-PLP-SLAM/ros2/src/rgbd/rgbd-slam-node.hpp:4,
[7.084s]                  from /home/ros/lib/SLAM/VIO/Structure-PLP-SLAM/ros2/src/rgbd/rgbd-slam-node.cpp:1:
[7.084s] /usr/include/c++/11/bits/shared_ptr.h:359:19: note: candidate: ‘std::shared_ptr<_Tp>& std::shared_ptr<_Tp>::operator=(const std::shared_ptr<_Tp>&) [with _Tp = cv_bridge::CvImage]’
[7.084s]   359 |       shared_ptr& operator=(const shared_ptr&) noexcept = default;
[7.084s]       |                   ^~~~~~~~
[7.084s] /usr/include/c++/11/bits/shared_ptr.h:359:29: note:   no known conversion for argument 1 from ‘cv_bridge::CvImageConstPtr’ {aka ‘std::shared_ptr<const cv_bridge::CvImage>’} to ‘const std::shared_ptr<cv_bridge::CvImage>&’
[7.084s]   359 |       shared_ptr& operator=(const shared_ptr&) noexcept = default;
[7.084s]       |                             ^~~~~~~~~~~~~~~~~
[7.085s] /usr/include/c++/11/bits/shared_ptr.h:383:7: note: candidate: ‘std::shared_ptr<_Tp>& std::shared_ptr<_Tp>::operator=(std::shared_ptr<_Tp>&&) [with _Tp = cv_bridge::CvImage]’
[7.085s]   383 |       operator=(shared_ptr&& __r) noexcept
[7.085s]       |       ^~~~~~~~
[7.085s] /usr/include/c++/11/bits/shared_ptr.h:383:30: note:   no known conversion for argument 1 from ‘cv_bridge::CvImageConstPtr’ {aka ‘std::shared_ptr<const cv_bridge::CvImage>’} to ‘std::shared_ptr<cv_bridge::CvImage>&&’
[7.085s]   383 |       operator=(shared_ptr&& __r) noexcept
[7.085s]       |                 ~~~~~~~~~~~~~^~~
[7.085s] /home/ros/lib/SLAM/VIO/Structure-PLP-SLAM/ros2/src/rgbd/rgbd-slam-node.cpp:45:45: error: no match for ‘operator=’ (operand types are ‘cv_bridge::CvImagePtr’ {aka ‘std::shared_ptr<cv_bridge::CvImage>’} and ‘cv_bridge::CvImageConstPtr’ {aka ‘std::shared_ptr<const cv_bridge::CvImage>’})
[7.085s]    45 |         cv_ptrD_ = cv_bridge::toCvShare(msgD);
[7.085s]       |                                             ^
[7.085s] In file included from /usr/include/c++/11/memory:77,
[7.085s]                  from /opt/ros/humble/include/rclcpp/rclcpp/rclcpp.hpp:153,
[7.086s]                  from /home/ros/lib/SLAM/VIO/Structure-PLP-SLAM/ros2/src/rgbd/rgbd-slam-node.hpp:4,
[7.086s]                  from /home/ros/lib/SLAM/VIO/Structure-PLP-SLAM/ros2/src/rgbd/rgbd-slam-node.cpp:1:
[7.086s] /usr/include/c++/11/bits/shared_ptr.h:363:9: note: candidate: ‘template<class _Yp> std::shared_ptr<_Tp>::_Assignable<const std::shared_ptr<_Yp>&> std::shared_ptr<_Tp>::operator=(const std::shared_ptr<_Yp>&) [with _Yp = _Yp; _Tp = cv_bridge::CvImage]’
[7.086s]   363 |         operator=(const shared_ptr<_Yp>& __r) noexcept
[7.086s]       |         ^~~~~~~~
[7.086s] /usr/include/c++/11/bits/shared_ptr.h:363:9: note:   template argument deduction/substitution failed:
[7.086s] /usr/include/c++/11/bits/shared_ptr.h:374:9: note: candidate: ‘template<class _Yp> std::shared_ptr<_Tp>::_Assignable<std::auto_ptr<_Up> > std::shared_ptr<_Tp>::operator=(std::auto_ptr<_Up>&&) [with _Yp = _Yp; _Tp = cv_bridge::CvImage]’
[7.086s]   374 |         operator=(auto_ptr<_Yp>&& __r)
[7.086s]       |         ^~~~~~~~
[7.086s] /usr/include/c++/11/bits/shared_ptr.h:374:9: note:   template argument deduction/substitution failed:
[7.086s] /home/ros/lib/SLAM/VIO/Structure-PLP-SLAM/ros2/src/rgbd/rgbd-slam-node.cpp:45:45: note:   ‘cv_bridge::CvImageConstPtr’ {aka ‘std::shared_ptr<const cv_bridge::CvImage>’} is not derived from ‘std::auto_ptr<_Up>’
[7.086s]    45 |         cv_ptrD_ = cv_bridge::toCvShare(msgD);
[7.086s]       |                                             ^
[7.087s] In file included from /usr/include/c++/11/memory:77,
[7.087s]                  from /opt/ros/humble/include/rclcpp/rclcpp/rclcpp.hpp:153,
[7.087s]                  from /home/ros/lib/SLAM/VIO/Structure-PLP-SLAM/ros2/src/rgbd/rgbd-slam-node.hpp:4,
[7.087s]                  from /home/ros/lib/SLAM/VIO/Structure-PLP-SLAM/ros2/src/rgbd/rgbd-slam-node.cpp:1:
[7.087s] /usr/include/c++/11/bits/shared_ptr.h:391:9: note: candidate: ‘template<class _Yp> std::shared_ptr<_Tp>::_Assignable<std::shared_ptr<_Yp> > std::shared_ptr<_Tp>::operator=(std::shared_ptr<_Yp>&&) [with _Yp = _Yp; _Tp = cv_bridge::CvImage]’
[7.087s]   391 |         operator=(shared_ptr<_Yp>&& __r) noexcept
[7.087s]       |         ^~~~~~~~
[7.087s] /usr/include/c++/11/bits/shared_ptr.h:391:9: note:   template argument deduction/substitution failed:
[7.087s] /usr/include/c++/11/bits/shared_ptr.h:399:9: note: candidate: ‘template<class _Yp, class _Del> std::shared_ptr<_Tp>::_Assignable<std::unique_ptr<_Up, _Ep> > std::shared_ptr<_Tp>::operator=(std::unique_ptr<_Up, _Ep>&&) [with _Yp = _Yp; _Del = _Del; _Tp = cv_bridge::CvImage]’
[7.088s]   399 |         operator=(unique_ptr<_Yp, _Del>&& __r)
[7.088s]       |         ^~~~~~~~
[7.088s] /usr/include/c++/11/bits/shared_ptr.h:399:9: note:   template argument deduction/substitution failed:
[7.088s] /home/ros/lib/SLAM/VIO/Structure-PLP-SLAM/ros2/src/rgbd/rgbd-slam-node.cpp:45:45: note:   ‘cv_bridge::CvImageConstPtr’ {aka ‘std::shared_ptr<const cv_bridge::CvImage>’} is not derived from ‘std::unique_ptr<_Tp, _Dp>’
[7.088s]    45 |         cv_ptrD_ = cv_bridge::toCvShare(msgD);
[7.088s]       |                                             ^
[7.088s] In file included from /usr/include/c++/11/memory:77,
[7.088s]                  from /opt/ros/humble/include/rclcpp/rclcpp/rclcpp.hpp:153,
[7.089s]                  from /home/ros/lib/SLAM/VIO/Structure-PLP-SLAM/ros2/src/rgbd/rgbd-slam-node.hpp:4,
[7.089s]                  from /home/ros/lib/SLAM/VIO/Structure-PLP-SLAM/ros2/src/rgbd/rgbd-slam-node.cpp:1:
[7.090s] /usr/include/c++/11/bits/shared_ptr.h:359:19: note: candidate: ‘std::shared_ptr<_Tp>& std::shared_ptr<_Tp>::operator=(const std::shared_ptr<_Tp>&) [with _Tp = cv_bridge::CvImage]’
[7.090s]   359 |       shared_ptr& operator=(const shared_ptr&) noexcept = default;
[7.091s]       |                   ^~~~~~~~
[7.091s] /usr/include/c++/11/bits/shared_ptr.h:359:29: note:   no known conversion for argument 1 from ‘cv_bridge::CvImageConstPtr’ {aka ‘std::shared_ptr<const cv_bridge::CvImage>’} to ‘const std::shared_ptr<cv_bridge::CvImage>&’
[7.091s]   359 |       shared_ptr& operator=(const shared_ptr&) noexcept = default;
[7.091s]       |                             ^~~~~~~~~~~~~~~~~
[7.091s] /usr/include/c++/11/bits/shared_ptr.h:383:7: note: candidate: ‘std::shared_ptr<_Tp>& std::shared_ptr<_Tp>::operator=(std::shared_ptr<_Tp>&&) [with _Tp = cv_bridge::CvImage]’
[7.091s]   383 |       operator=(shared_ptr&& __r) noexcept
[7.091s]       |       ^~~~~~~~
[7.091s] /usr/include/c++/11/bits/shared_ptr.h:383:30: note:   no known conversion for argument 1 from ‘cv_bridge::CvImageConstPtr’ {aka ‘std::shared_ptr<const cv_bridge::CvImage>’} to ‘std::shared_ptr<cv_bridge::CvImage>&&’
[7.092s]   383 |       operator=(shared_ptr&& __r) noexcept
[7.092s]       |                 ~~~~~~~~~~~~~^~~
[8.860s] gmake[2]: *** [CMakeFiles/stereo.dir/build.make:93：CMakeFiles/stereo.dir/src/stereo/stereo-slam-node.cpp.o] 错误 1
[8.860s] gmake[1]: *** [CMakeFiles/Makefile2:223：CMakeFiles/stereo.dir/all] 错误 2
[8.860s] gmake[1]: *** 正在等待未完成的任务....
[9.082s] gmake[2]: *** [CMakeFiles/rgbd.dir/build.make:93：CMakeFiles/rgbd.dir/src/rgbd/rgbd-slam-node.cpp.o] 错误 1
[9.082s] gmake[1]: *** [CMakeFiles/Makefile2:191：CMakeFiles/rgbd.dir/all] 错误 2
[10.473s] gmake[2]: *** [CMakeFiles/mono.dir/build.make:93：CMakeFiles/mono.dir/src/mono/mono-slam-node.cpp.o] 错误 1
[10.474s] gmake[1]: *** [CMakeFiles/Makefile2:159：CMakeFiles/mono.dir/all] 错误 2
[10.474s] gmake: *** [Makefile:146：all] 错误 2
[10.476s] Invoked command in '/home/ros/lib/SLAM/VIO/Structure-PLP-SLAM/ros2/build/plpslam_ros2' returned '2': CMAKE_PREFIX_PATH=${CMAKE_PREFIX_PATH}:/opt/ros/humble CONDA_PROMPT_MODIFIER=(ros) /home/ros/app/cmake-4.4.0/bin/cmake --build /home/ros/lib/SLAM/VIO/Structure-PLP-SLAM/ros2/build/plpslam_ros2 -- -j24 -l24
